TN:
SF:/home/inageblr-003lt/Desktop/projects/vercel/src/polyfills.ts
FNF:0
FNH:0
LF:0
LH:0
BRF:0
BRH:0
end_of_record
TN:
SF:/home/inageblr-003lt/Desktop/projects/vercel/src/test.ts
FNF:0
FNH:0
DA:18,1
DA:23,1
DA:25,1
LF:3
LH:3
BRF:0
BRH:0
end_of_record
TN:
SF:/home/inageblr-003lt/Desktop/projects/vercel/src/app/app.component.ts
FN:8,(anonymous_0)
FNF:1
FNH:1
FNDA:1,(anonymous_0)
DA:8,1
DA:9,1
LF:2
LH:2
BRF:0
BRH:0
end_of_record
TN:
SF:/home/inageblr-003lt/Desktop/projects/vercel/src/app/dashbard/dashbard.component.ts
FN:22,(anonymous_0)
FN:25,(anonymous_1)
FN:32,(anonymous_2)
FN:63,(anonymous_3)
FN:66,(anonymous_4)
FN:66,(anonymous_5)
FN:72,(anonymous_6)
FN:96,(anonymous_7)
FN:100,(anonymous_8)
FN:110,(anonymous_9)
FN:113,(anonymous_10)
FN:114,(anonymous_11)
FN:121,(anonymous_12)
FN:123,(anonymous_13)
FN:127,(anonymous_14)
FN:136,(anonymous_15)
FN:140,(anonymous_16)
FNF:17
FNH:14
FNDA:7,(anonymous_0)
FNDA:12,(anonymous_1)
FNDA:3,(anonymous_2)
FNDA:2,(anonymous_3)
FNDA:2,(anonymous_4)
FNDA:2,(anonymous_5)
FNDA:3,(anonymous_6)
FNDA:3,(anonymous_7)
FNDA:3,(anonymous_8)
FNDA:0,(anonymous_9)
FNDA:0,(anonymous_10)
FNDA:3,(anonymous_11)
FNDA:3,(anonymous_12)
FNDA:3,(anonymous_13)
FNDA:0,(anonymous_14)
FNDA:1,(anonymous_15)
FNDA:1,(anonymous_16)
DA:11,1
DA:12,7
DA:16,7
DA:17,7
DA:22,7
DA:23,7
DA:24,7
DA:25,7
DA:26,12
DA:27,12
DA:28,12
DA:33,3
DA:35,1
DA:38,3
DA:40,0
DA:42,3
DA:43,1
DA:46,3
DA:47,1
DA:49,2
DA:50,0
DA:52,3
DA:54,1
DA:58,2
DA:64,2
DA:65,2
DA:66,2
DA:67,2
DA:68,2
DA:73,3
DA:74,3
DA:75,3
DA:76,3
DA:78,3
DA:79,2
DA:82,3
DA:83,2
DA:85,1
DA:86,0
DA:89,3
DA:90,0
DA:92,3
DA:93,1
DA:96,3
DA:97,3
DA:98,3
DA:101,3
DA:103,0
DA:106,3
DA:111,0
DA:113,0
DA:115,3
DA:122,3
DA:123,3
DA:124,3
DA:128,0
DA:129,0
DA:131,0
DA:133,0
DA:137,1
DA:138,1
DA:141,1
DA:142,1
DA:144,0
DA:146,1
LF:65
LH:53
BRDA:33,0,0,1
BRDA:33,0,1,2
BRDA:38,1,0,0
BRDA:38,1,1,3
BRDA:42,2,0,1
BRDA:42,2,1,2
BRDA:46,3,0,1
BRDA:46,3,1,2
BRDA:49,4,0,0
BRDA:49,4,1,2
BRDA:52,5,0,1
BRDA:52,5,1,2
BRDA:52,6,0,3
BRDA:52,6,1,2
BRDA:52,6,2,2
BRDA:78,7,0,2
BRDA:78,7,1,1
BRDA:82,8,0,2
BRDA:82,8,1,1
BRDA:85,9,0,0
BRDA:85,9,1,1
BRDA:89,10,0,0
BRDA:89,10,1,3
BRDA:92,11,0,1
BRDA:92,11,1,2
BRDA:101,12,0,0
BRDA:101,12,1,3
BRDA:128,13,0,0
BRDA:128,13,1,0
BRDA:141,14,0,1
BRDA:141,14,1,0
BRF:31
BRH:23
end_of_record
TN:
SF:/home/inageblr-003lt/Desktop/projects/vercel/src/app/services/spacex.service.ts
FN:12,(anonymous_0)
FN:17,(anonymous_1)
FN:21,(anonymous_2)
FNF:3
FNH:2
FNDA:2,(anonymous_0)
FNDA:1,(anonymous_1)
FNDA:0,(anonymous_2)
DA:8,1
DA:11,2
DA:12,2
DA:13,2
DA:14,2
DA:18,1
DA:22,0
LF:7
LH:6
BRF:0
BRH:0
end_of_record
TN:
SF:/home/inageblr-003lt/Desktop/projects/vercel/src/environments/environment.ts
FNF:0
FNH:0
DA:5,1
LF:1
LH:1
BRF:0
BRH:0
end_of_record
